<?xml version="1.0" encoding="UTF-8"?>
<!-- Generated by org.testng.reporters.JUnitXMLReporter -->
<testsuite hostname="DESKTOP-23HNN2E" name="Default test" tests="5" failures="0" timestamp="25 Sep 2019 18:43:32 GMT" time="4.274" errors="0">
  <testcase name="createSession" time="3.143" classname="restassured.Jira"/>
  <testcase name="createIssue" time="0.392" classname="restassured.Jira"/>
  <testcase name="addComments" time="0.114" classname="restassured.Jira"/>
  <testcase name="editComments" time="0.17" classname="restassured.Jira"/>
  <testcase name="deleteIssue" time="0.365" classname="restassured.Jira"/>
</testsuite> <!-- Default test -->
