<?xml version="1.0" encoding="UTF-8"?>
<!-- Generated by org.testng.reporters.JUnitXMLReporter -->
<testsuite hostname="DESKTOP-23HNN2E" name="Test" tests="5" failures="0" timestamp="9 Jan 2020 22:28:58 GMT" time="6.18" errors="0">
  <testcase name="post" time="3.068" classname="restassured.DeleteXML"/>
  <testcase name="get" time="0.485" classname="restassured.Rest"/>
  <testcase name="post" time="1.653" classname="restassured.DeleteJson"/>
  <testcase name="get" time="0.281" classname="restassured.GetJson"/>
  <testcase name="post" time="0.617" classname="restassured.RestPost"/>
</testsuite> <!-- Test -->
